Determining if the pthread_create exist failed with the following output:
Change Dir: /home/vhop/CuocDuaSo_v2/src/ROS_Package_example/lane_detect/darknet_wrapper/build/CMakeFiles/CMakeTmp

Run Build Command:"/usr/bin/make" "cmTC_7d658/fast"
/usr/bin/make -f CMakeFiles/cmTC_7d658.dir/build.make CMakeFiles/cmTC_7d658.dir/build
make[1]: Entering directory '/home/vhop/CuocDuaSo_v2/src/ROS_Package_example/lane_detect/darknet_wrapper/build/CMakeFiles/CMakeTmp'
Building C object CMakeFiles/cmTC_7d658.dir/CheckSymbolExists.c.o
/usr/bin/cc    -fPIC    -o CMakeFiles/cmTC_7d658.dir/CheckSymbolExists.c.o   -c /home/vhop/CuocDuaSo_v2/src/ROS_Package_example/lane_detect/darknet_wrapper/build/CMakeFiles/CMakeTmp/CheckSymbolExists.c
Linking C executable cmTC_7d658
/usr/bin/cmake -E cmake_link_script CMakeFiles/cmTC_7d658.dir/link.txt --verbose=1
/usr/bin/cc  -fPIC     CMakeFiles/cmTC_7d658.dir/CheckSymbolExists.c.o  -o cmTC_7d658 -rdynamic 
CMakeFiles/cmTC_7d658.dir/CheckSymbolExists.c.o: In function `main':
CheckSymbolExists.c:(.text+0x1b): undefined reference to `pthread_create'
collect2: error: ld returned 1 exit status
CMakeFiles/cmTC_7d658.dir/build.make:97: recipe for target 'cmTC_7d658' failed
make[1]: *** [cmTC_7d658] Error 1
make[1]: Leaving directory '/home/vhop/CuocDuaSo_v2/src/ROS_Package_example/lane_detect/darknet_wrapper/build/CMakeFiles/CMakeTmp'
Makefile:126: recipe for target 'cmTC_7d658/fast' failed
make: *** [cmTC_7d658/fast] Error 2

File /home/vhop/CuocDuaSo_v2/src/ROS_Package_example/lane_detect/darknet_wrapper/build/CMakeFiles/CMakeTmp/CheckSymbolExists.c:
/* */
#include <pthread.h>

int main(int argc, char** argv)
{
  (void)argv;
#ifndef pthread_create
  return ((int*)(&pthread_create))[argc];
#else
  (void)argc;
  return 0;
#endif
}

Determining if the function pthread_create exists in the pthreads failed with the following output:
Change Dir: /home/vhop/CuocDuaSo_v2/src/ROS_Package_example/lane_detect/darknet_wrapper/build/CMakeFiles/CMakeTmp

Run Build Command:"/usr/bin/make" "cmTC_37b65/fast"
/usr/bin/make -f CMakeFiles/cmTC_37b65.dir/build.make CMakeFiles/cmTC_37b65.dir/build
make[1]: Entering directory '/home/vhop/CuocDuaSo_v2/src/ROS_Package_example/lane_detect/darknet_wrapper/build/CMakeFiles/CMakeTmp'
Building C object CMakeFiles/cmTC_37b65.dir/CheckFunctionExists.c.o
/usr/bin/cc    -fPIC -DCHECK_FUNCTION_EXISTS=pthread_create   -o CMakeFiles/cmTC_37b65.dir/CheckFunctionExists.c.o   -c /usr/share/cmake-3.5/Modules/CheckFunctionExists.c
Linking C executable cmTC_37b65
/usr/bin/cmake -E cmake_link_script CMakeFiles/cmTC_37b65.dir/link.txt --verbose=1
/usr/bin/cc  -fPIC -DCHECK_FUNCTION_EXISTS=pthread_create    CMakeFiles/cmTC_37b65.dir/CheckFunctionExists.c.o  -o cmTC_37b65 -rdynamic -lpthreads 
/usr/bin/ld: cannot find -lpthreads
collect2: error: ld returned 1 exit status
CMakeFiles/cmTC_37b65.dir/build.make:97: recipe for target 'cmTC_37b65' failed
make[1]: *** [cmTC_37b65] Error 1
make[1]: Leaving directory '/home/vhop/CuocDuaSo_v2/src/ROS_Package_example/lane_detect/darknet_wrapper/build/CMakeFiles/CMakeTmp'
Makefile:126: recipe for target 'cmTC_37b65/fast' failed
make: *** [cmTC_37b65/fast] Error 2


